TN:
SF:src\components\ui\index.ts
FN:3,(anonymous_0)
FN:4,(anonymous_1)
FN:5,(anonymous_2)
FN:6,(anonymous_3)
FN:7,(anonymous_4)
FN:8,(anonymous_5)
FN:9,(anonymous_6)
FN:10,(anonymous_7)
FN:11,(anonymous_8)
FN:12,(anonymous_9)
FNF:10
FNH:0
FNDA:0,(anonymous_0)
FNDA:0,(anonymous_1)
FNDA:0,(anonymous_2)
FNDA:0,(anonymous_3)
FNDA:0,(anonymous_4)
FNDA:0,(anonymous_5)
FNDA:0,(anonymous_6)
FNDA:0,(anonymous_7)
FNDA:0,(anonymous_8)
FNDA:0,(anonymous_9)
DA:3,0
DA:4,0
DA:5,0
DA:6,0
DA:7,0
DA:8,0
DA:9,0
DA:10,0
DA:11,0
DA:12,0
LF:10
LH:0
BRF:0
BRH:0
end_of_record
TN:
SF:src\constants\theme.ts
FN:138,(anonymous_0)
FN:146,(anonymous_1)
FNF:2
FNH:0
FNDA:0,(anonymous_0)
FNDA:0,(anonymous_1)
DA:3,0
DA:76,0
DA:86,0
DA:95,0
DA:106,0
DA:113,0
DA:138,0
DA:139,0
DA:140,0
DA:141,0
DA:142,0
DA:146,0
DA:147,0
DA:156,0
LF:14
LH:0
BRDA:139,0,0,0
BRDA:139,0,1,0
BRDA:140,1,0,0
BRDA:140,1,1,0
BRDA:141,2,0,0
BRDA:141,2,1,0
BRDA:156,3,0,0
BRDA:156,3,1,0
BRF:8
BRH:0
end_of_record
TN:
SF:src\core\metabolism\bmr.ts
FN:29,katchMcArdle
FN:53,katchMcArdleMetric
FN:71,mifflinStJeor
FN:106,harrisBenedict
FN:136,calcularBMR
FNF:5
FNH:0
FNDA:0,katchMcArdle
FNDA:0,katchMcArdleMetric
FNDA:0,mifflinStJeor
FNDA:0,harrisBenedict
FNDA:0,calcularBMR
DA:29,0
DA:31,0
DA:35,0
DA:37,0
DA:53,0
DA:54,0
DA:71,0
DA:79,0
DA:80,0
DA:82,0
DA:85,0
DA:106,0
DA:114,0
DA:115,0
DA:117,0
DA:120,0
DA:136,0
DA:144,0
DA:147,0
DA:148,0
DA:152,0
DA:153,0
DA:154,0
DA:158,0
LF:24
LH:0
BRDA:79,0,0,0
BRDA:79,0,1,0
BRDA:114,1,0,0
BRDA:114,1,1,0
BRDA:147,2,0,0
BRDA:147,2,1,0
BRDA:147,3,0,0
BRDA:147,3,1,0
BRDA:152,4,0,0
BRDA:152,4,1,0
BRDA:152,5,0,0
BRDA:152,5,1,0
BRDA:152,5,2,0
BRF:13
BRH:0
end_of_record
TN:
SF:src\core\metabolism\composition.ts
FN:45,calcularFFMI
FN:60,calcularFFMINormalizado
FN:79,getCategoriaFFMI
FN:98,getCategoriaBF
FN:121,calcularBFNavy
FN:155,calcularComposicionCorporal
FN:209,calcularPesoObjetivo
FN:226,calcularGrasaAPerder
FNF:8
FNH:0
FNDA:0,calcularFFMI
FNDA:0,calcularFFMINormalizado
FNDA:0,getCategoriaFFMI
FNDA:0,getCategoriaBF
FNDA:0,calcularBFNavy
FNDA:0,calcularComposicionCorporal
FNDA:0,calcularPesoObjetivo
FNDA:0,calcularGrasaAPerder
DA:8,0
DA:45,0
DA:46,0
DA:47,0
DA:48,0
DA:60,0
DA:61,0
DA:62,0
DA:63,0
DA:64,0
DA:79,0
DA:80,0
DA:82,0
DA:83,0
DA:84,0
DA:88,0
DA:98,0
DA:99,0
DA:101,0
DA:102,0
DA:103,0
DA:104,0
DA:105,0
DA:106,0
DA:107,0
DA:121,0
DA:128,0
DA:132,0
DA:135,0
DA:139,0
DA:140,0
DA:144,0
DA:146,0
DA:155,0
DA:164,0
DA:167,0
DA:168,0
DA:169,0
DA:173,0
DA:174,0
DA:178,0
DA:179,0
DA:182,0
DA:183,0
DA:184,0
DA:187,0
DA:188,0
DA:190,0
DA:209,0
DA:214,0
DA:215,0
DA:226,0
DA:231,0
DA:232,0
DA:235,0
DA:236,0
DA:238,0
LF:57
LH:0
BRDA:80,0,0,0
BRDA:80,0,1,0
BRDA:83,1,0,0
BRDA:83,1,1,0
BRDA:99,2,0,0
BRDA:99,2,1,0
BRDA:101,3,0,0
BRDA:101,3,1,0
BRDA:102,4,0,0
BRDA:102,4,1,0
BRDA:103,5,0,0
BRDA:103,5,1,0
BRDA:104,6,0,0
BRDA:104,6,1,0
BRDA:105,7,0,0
BRDA:105,7,1,0
BRDA:106,8,0,0
BRDA:106,8,1,0
BRDA:132,9,0,0
BRDA:132,9,1,0
BRDA:139,10,0,0
BRDA:139,10,1,0
BRDA:168,11,0,0
BRDA:168,11,1,0
BRDA:168,12,0,0
BRDA:168,12,1,0
BRDA:168,12,2,0
BRDA:173,13,0,0
BRDA:173,13,1,0
BRDA:174,14,0,0
BRDA:174,14,1,0
BRDA:187,15,0,0
BRDA:187,15,1,0
BRF:33
BRH:0
end_of_record
TN:
SF:src\core\metabolism\constants.ts
FNF:0
FNH:0
DA:10,0
DA:20,0
DA:28,0
DA:38,0
DA:39,0
DA:41,0
DA:57,0
DA:58,0
DA:62,0
DA:72,0
DA:96,0
DA:97,0
DA:105,0
DA:112,0
DA:132,0
DA:138,0
DA:147,0
LF:17
LH:0
BRF:0
BRH:0
end_of_record
TN:
SF:src\core\metabolism\energy-availability.ts
FN:46,calcularEA
FN:77,getCategoriaEA
FN:97,evaluarRiesgoEA
FN:119,calcularIngestaMinimaSegura
FN:138,analizarEA
FN:201,calcularDeficitMaximoSeguro
FN:222,calcularSuperavitGanancia
FN:247,calcularProteinaRecomendada
FN:257,validarPlanCalorico
FNF:9
FNH:0
FNDA:0,calcularEA
FNDA:0,getCategoriaEA
FNDA:0,evaluarRiesgoEA
FNDA:0,calcularIngestaMinimaSegura
FNDA:0,analizarEA
FNDA:0,calcularDeficitMaximoSeguro
FNDA:0,calcularSuperavitGanancia
FNDA:0,calcularProteinaRecomendada
FNDA:0,validarPlanCalorico
DA:12,0
DA:46,0
DA:51,0
DA:52,0
DA:53,0
DA:77,0
DA:78,0
DA:80,0
DA:81,0
DA:82,0
DA:83,0
DA:97,0
DA:101,0
DA:103,0
DA:106,0
DA:108,0
DA:119,0
DA:125,0
DA:128,0
DA:129,0
DA:138,0
DA:144,0
DA:146,0
DA:147,0
DA:148,0
DA:149,0
DA:150,0
DA:156,0
DA:158,0
DA:159,0
DA:160,0
DA:162,0
DA:163,0
DA:164,0
DA:166,0
DA:167,0
DA:168,0
DA:170,0
DA:171,0
DA:172,0
DA:174,0
DA:175,0
DA:177,0
DA:180,0
DA:201,0
DA:206,0
DA:209,0
DA:212,0
DA:222,0
DA:227,0
DA:231,0
DA:233,0
DA:235,0
DA:247,0
DA:248,0
DA:257,0
DA:268,0
DA:270,0
DA:271,0
DA:274,0
DA:275,0
DA:276,0
DA:277,0
DA:281,0
DA:282,0
DA:283,0
DA:287,0
DA:288,0
DA:289,0
DA:292,0
LF:70
LH:0
BRDA:51,0,0,0
BRDA:51,0,1,0
BRDA:78,1,0,0
BRDA:78,1,1,0
BRDA:80,2,0,0
BRDA:80,2,1,0
BRDA:81,3,0,0
BRDA:81,3,1,0
BRDA:82,4,0,0
BRDA:82,4,1,0
BRDA:101,5,0,0
BRDA:101,5,1,0
BRDA:103,6,0,0
BRDA:103,6,1,0
BRDA:106,7,0,0
BRDA:106,7,1,0
BRDA:125,8,0,0
BRDA:125,8,1,0
BRDA:156,9,0,0
BRDA:156,9,1,0
BRDA:156,9,2,0
BRDA:156,9,3,0
BRDA:170,10,0,0
BRDA:170,10,1,0
BRDA:203,11,0,0
BRDA:224,12,0,0
BRDA:268,13,0,0
BRDA:274,14,0,0
BRDA:274,14,1,0
BRDA:276,15,0,0
BRDA:276,15,1,0
BRDA:282,16,0,0
BRDA:282,16,1,0
BRDA:287,17,0,0
BRDA:287,17,1,0
BRDA:288,18,0,0
BRDA:288,18,1,0
BRF:37
BRH:0
end_of_record
TN:
SF:src\core\metabolism\hydration.ts
FN:56,calcularAguaRecomendada
FN:109,getActivityLevelDescription
FN:122,formatHydrationRecommendation
FNF:3
FNH:0
FNDA:0,calcularAguaRecomendada
FNDA:0,getActivityLevelDescription
FNDA:0,formatHydrationRecommendation
DA:12,0
DA:21,0
DA:22,0
DA:23,0
DA:56,0
DA:63,0
DA:66,0
DA:69,0
DA:70,0
DA:73,0
DA:76,0
DA:77,0
DA:78,0
DA:81,0
DA:84,0
DA:85,0
DA:88,0
DA:90,0
DA:109,0
DA:110,0
DA:111,0
DA:112,0
DA:113,0
DA:114,0
DA:115,0
DA:122,0
DA:123,0
DA:124,0
DA:125,0
DA:126,0
LF:30
LH:0
BRDA:59,0,0,0
BRDA:60,1,0,0
BRDA:61,2,0,0
BRDA:62,3,0,0
BRDA:73,4,0,0
BRDA:73,4,1,0
BRDA:77,5,0,0
BRDA:77,5,1,0
BRDA:78,6,0,0
BRDA:78,6,1,0
BRDA:110,7,0,0
BRDA:110,7,1,0
BRDA:110,7,2,0
BRDA:110,7,3,0
BRDA:110,7,4,0
BRDA:123,8,0,0
BRDA:123,8,1,0
BRDA:124,9,0,0
BRDA:124,9,1,0
BRDA:125,10,0,0
BRDA:125,10,1,0
BRF:21
BRH:0
end_of_record
TN:
SF:src\core\metabolism\missing-data.ts
FN:156,getMissingInputsForMetric
FN:218,(anonymous_1)
FN:227,(anonymous_2)
FN:245,getAllMissingData
FN:259,(anonymous_4)
FN:265,getCalculableMetrics
FN:267,(anonymous_6)
FN:268,(anonymous_7)
FN:275,getPrioritizedMissingInputs
FN:294,(anonymous_9)
FNF:10
FNH:0
FNDA:0,getMissingInputsForMetric
FNDA:0,(anonymous_1)
FNDA:0,(anonymous_2)
FNDA:0,getAllMissingData
FNDA:0,(anonymous_4)
FNDA:0,getCalculableMetrics
FNDA:0,(anonymous_6)
FNDA:0,(anonymous_7)
FNDA:0,getPrioritizedMissingInputs
FNDA:0,(anonymous_9)
DA:61,0
DA:156,0
DA:160,0
DA:162,0
DA:163,0
DA:173,0
DA:174,0
DA:177,0
DA:178,0
DA:179,0
DA:182,0
DA:183,0
DA:185,0
DA:196,0
DA:197,0
DA:198,0
DA:199,0
DA:201,0
DA:202,0
DA:204,0
DA:216,0
DA:217,0
DA:219,0
DA:220,0
DA:224,0
DA:227,0
DA:229,0
DA:245,0
DA:246,0
DA:259,0
DA:265,0
DA:266,0
DA:267,0
DA:268,0
DA:275,0
DA:276,0
DA:277,0
DA:280,0
DA:282,0
DA:283,0
DA:284,0
DA:285,0
DA:286,0
DA:287,0
DA:293,0
DA:295,0
DA:296,0
DA:297,0
LF:48
LH:0
BRDA:162,0,0,0
BRDA:162,0,1,0
BRDA:179,1,0,0
BRDA:179,1,1,0
BRDA:179,1,2,0
BRDA:180,2,0,0
BRDA:180,2,1,0
BRDA:182,3,0,0
BRDA:182,3,1,0
BRDA:196,4,0,0
BRDA:196,4,1,0
BRDA:199,5,0,0
BRDA:199,5,1,0
BRDA:201,6,0,0
BRDA:201,6,1,0
BRDA:220,7,0,0
BRDA:220,7,1,0
BRDA:220,7,2,0
BRDA:221,8,0,0
BRDA:221,8,1,0
BRDA:224,9,0,0
BRDA:224,9,1,0
BRDA:284,10,0,0
BRDA:284,10,1,0
BRDA:285,11,0,0
BRDA:285,11,1,0
BRDA:295,12,0,0
BRDA:295,12,1,0
BRDA:296,13,0,0
BRDA:296,13,1,0
BRF:30
BRH:0
end_of_record
TN:
SF:src\core\metabolism\tdee.ts
FN:30,calcularTDEE
FN:48,calcularTDEECompleto
FN:79,calcularCaloriasObjetivo
FN:122,estimarCambioPesoSemanal
FN:137,calcularDeficitMaximoSeguro
FN:153,calcularGananciaMaximaMuscular
FNF:6
FNH:0
FNDA:0,calcularTDEE
FNDA:0,calcularTDEECompleto
FNDA:0,calcularCaloriasObjetivo
FNDA:0,estimarCambioPesoSemanal
FNDA:0,calcularDeficitMaximoSeguro
FNDA:0,calcularGananciaMaximaMuscular
DA:7,0
DA:8,0
DA:30,0
DA:31,0
DA:32,0
DA:34,0
DA:48,0
DA:57,0
DA:60,0
DA:63,0
DA:65,0
DA:79,0
DA:91,0
DA:93,0
DA:94,0
DA:95,0
DA:97,0
DA:98,0
DA:99,0
DA:102,0
DA:103,0
DA:104,0
DA:107,0
DA:122,0
DA:123,0
DA:124,0
DA:125,0
DA:137,0
DA:140,0
DA:153,0
DA:158,0
DA:161,0
DA:162,0
DA:165,0
LF:34
LH:0
BRDA:82,0,0,0
BRDA:91,1,0,0
BRDA:91,1,1,0
BRDA:91,1,2,0
BRDA:91,1,3,0
BRDA:110,2,0,0
BRDA:110,2,1,0
BRDA:161,3,0,0
BRDA:161,3,1,0
BRF:9
BRH:0
end_of_record
TN:
SF:src\core\nutrition\blocks.ts
FN:51,redondearAMedioBloque
FN:65,calcularBloques
FN:94,calcularBloquesProteina
FN:101,calcularBloquesGrasa
FN:108,calcularBloquesCarbohidratos
FN:120,calcularMacroBlocks
FN:151,getSemaphoreColor
FN:175,calcularDiferenciaBloques
FN:205,bloquesAGramos
FN:222,gramosABloques
FN:267,dentroDeTolerancia
FN:296,calcularToleranciaDinamica
FN:317,calcularErrorBloques
FNF:13
FNH:0
FNDA:0,redondearAMedioBloque
FNDA:0,calcularBloques
FNDA:0,calcularBloquesProteina
FNDA:0,calcularBloquesGrasa
FNDA:0,calcularBloquesCarbohidratos
FNDA:0,calcularMacroBlocks
FNDA:0,getSemaphoreColor
FNDA:0,calcularDiferenciaBloques
FNDA:0,bloquesAGramos
FNDA:0,gramosABloques
FNDA:0,dentroDeTolerancia
FNDA:0,calcularToleranciaDinamica
FNDA:0,calcularErrorBloques
DA:8,0
DA:51,0
DA:52,0
DA:65,0
DA:66,0
DA:67,0
DA:77,0
DA:81,0
DA:83,0
DA:94,0
DA:95,0
DA:101,0
DA:102,0
DA:108,0
DA:109,0
DA:120,0
DA:125,0
DA:126,0
DA:127,0
DA:130,0
DA:132,0
DA:151,0
DA:157,0
DA:159,0
DA:160,0
DA:162,0
DA:163,0
DA:165,0
DA:175,0
DA:183,0
DA:184,0
DA:187,0
DA:188,0
DA:189,0
DA:190,0
DA:192,0
DA:195,0
DA:205,0
DA:206,0
DA:212,0
DA:222,0
DA:223,0
DA:229,0
DA:246,0
DA:256,0
DA:267,0
DA:272,0
DA:273,0
DA:274,0
DA:276,0
DA:296,0
DA:300,0
DA:302,0
DA:317,0
DA:321,0
DA:322,0
DA:323,0
DA:324,0
LF:58
LH:0
BRDA:66,0,0,0
BRDA:66,0,1,0
BRDA:66,1,0,0
BRDA:66,1,1,0
BRDA:154,2,0,0
BRDA:155,3,0,0
BRDA:159,4,0,0
BRDA:159,4,1,0
BRDA:162,5,0,0
BRDA:162,5,1,0
BRDA:187,6,0,0
BRDA:187,6,1,0
BRDA:189,7,0,0
BRDA:189,7,1,0
BRDA:270,8,0,0
BRDA:277,9,0,0
BRDA:277,9,1,0
BRDA:277,9,2,0
BRF:18
BRH:0
end_of_record
TN:
SF:src\core\nutrition\constants.ts
FNF:0
FNH:0
DA:9,0
DA:10,0
DA:11,0
DA:15,0
DA:18,0
DA:19,0
DA:20,0
DA:21,0
DA:25,0
DA:29,0
DA:30,0
DA:37,0
DA:44,0
DA:60,0
DA:69,0
LF:15
LH:0
BRF:0
BRH:0
end_of_record
TN:
SF:src\core\nutrition\energy.ts
FN:44,calcularEnergia
FN:90,calcularKcal
FN:113,detectarAlcohol
FN:141,bloquesEAKcal
FN:151,kcalABloquesE
FN:166,formatearSegunModo
FNF:6
FNH:0
FNDA:0,calcularEnergia
FNDA:0,calcularKcal
FNDA:0,detectarAlcohol
FNDA:0,bloquesEAKcal
FNDA:0,kcalABloquesE
FNDA:0,formatearSegunModo
DA:8,0
DA:14,0
DA:44,0
DA:52,0
DA:58,0
DA:63,0
DA:64,0
DA:68,0
DA:69,0
DA:71,0
DA:90,0
DA:95,0
DA:113,0
DA:119,0
DA:120,0
DA:122,0
DA:123,0
DA:127,0
DA:129,0
DA:141,0
DA:142,0
DA:151,0
DA:152,0
DA:166,0
DA:173,0
DA:174,0
DA:175,0
DA:176,0
DA:178,0
DA:181,0
DA:185,0
DA:189,0
DA:192,0
LF:33
LH:0
BRDA:122,0,0,0
BRDA:122,0,1,0
BRDA:178,1,0,0
BRDA:178,1,1,0
BRDA:178,1,2,0
BRDA:178,1,3,0
BRF:6
BRH:0
end_of_record
TN:
SF:src\core\nutrition\macros.ts
FN:36,getMacroDominante
FN:63,calcularMacrosFuertes
FN:96,analizarMacros
FN:116,esFuerteEn
FN:130,filtrarPorMacroFuerte
FN:134,(anonymous_5)
FN:143,calcularBalanceMacros
FN:167,calcularBalanceCalorico
FNF:8
FNH:0
FNDA:0,getMacroDominante
FNDA:0,calcularMacrosFuertes
FNDA:0,analizarMacros
FNDA:0,esFuerteEn
FNDA:0,filtrarPorMacroFuerte
FNDA:0,(anonymous_5)
FNDA:0,calcularBalanceMacros
FNDA:0,calcularBalanceCalorico
DA:8,0
DA:36,0
DA:37,0
DA:39,0
DA:40,0
DA:41,0
DA:63,0
DA:67,0
DA:70,0
DA:73,0
DA:74,0
DA:78,0
DA:81,0
DA:83,0
DA:84,0
DA:85,0
DA:87,0
DA:96,0
DA:97,0
DA:98,0
DA:100,0
DA:116,0
DA:117,0
DA:118,0
DA:130,0
DA:134,0
DA:143,0
DA:148,0
DA:150,0
DA:151,0
DA:154,0
DA:167,0
DA:172,0
DA:173,0
DA:174,0
DA:175,0
DA:177,0
DA:178,0
DA:181,0
LF:39
LH:0
BRDA:39,0,0,0
BRDA:39,0,1,0
BRDA:39,1,0,0
BRDA:39,1,1,0
BRDA:40,2,0,0
BRDA:40,2,1,0
BRDA:40,3,0,0
BRDA:40,3,1,0
BRDA:65,4,0,0
BRDA:73,5,0,0
BRDA:73,5,1,0
BRDA:83,6,0,0
BRDA:83,6,1,0
BRDA:84,7,0,0
BRDA:84,7,1,0
BRDA:85,8,0,0
BRDA:85,8,1,0
BRDA:150,9,0,0
BRDA:150,9,1,0
BRDA:177,10,0,0
BRDA:177,10,1,0
BRF:21
BRH:0
end_of_record
TN:
SF:src\core\scoring\health-score.ts
FN:74,calcularHealthScore
FN:136,getCategory
FN:144,getStatus
FN:157,generarRecomendaciones
FN:212,getHealthScoreColor
FN:224,formatHealthScore
FNF:6
FNH:0
FNDA:0,calcularHealthScore
FNDA:0,getCategory
FNDA:0,getStatus
FNDA:0,generarRecomendaciones
FNDA:0,getHealthScoreColor
FNDA:0,formatHealthScore
DA:74,0
DA:80,0
DA:81,0
DA:82,0
DA:83,0
DA:86,0
DA:87,0
DA:90,0
DA:91,0
DA:94,0
DA:95,0
DA:96,0
DA:97,0
DA:100,0
DA:103,0
DA:106,0
DA:109,0
DA:116,0
DA:137,0
DA:138,0
DA:139,0
DA:140,0
DA:141,0
DA:145,0
DA:146,0
DA:148,0
DA:149,0
DA:151,0
DA:152,0
DA:154,0
DA:163,0
DA:166,0
DA:167,0
DA:169,0
DA:170,0
DA:172,0
DA:173,0
DA:177,0
DA:178,0
DA:182,0
DA:183,0
DA:187,0
DA:188,0
DA:190,0
DA:191,0
DA:195,0
DA:196,0
DA:199,0
DA:200,0
DA:203,0
DA:212,0
DA:213,0
DA:214,0
DA:215,0
DA:224,0
DA:225,0
DA:226,0
DA:227,0
DA:228,0
DA:229,0
LF:60
LH:0
BRDA:81,0,0,0
BRDA:81,0,1,0
BRDA:82,1,0,0
BRDA:82,1,1,0
BRDA:83,2,0,0
BRDA:83,2,1,0
BRDA:86,3,0,0
BRDA:86,3,1,0
BRDA:90,4,0,0
BRDA:90,4,1,0
BRDA:95,5,0,0
BRDA:95,5,1,0
BRDA:96,6,0,0
BRDA:96,6,1,0
BRDA:97,7,0,0
BRDA:97,7,1,0
BRDA:137,8,0,0
BRDA:137,8,1,0
BRDA:138,9,0,0
BRDA:138,9,1,0
BRDA:139,10,0,0
BRDA:139,10,1,0
BRDA:140,11,0,0
BRDA:140,11,1,0
BRDA:145,12,0,0
BRDA:145,12,1,0
BRDA:145,13,0,0
BRDA:145,13,1,0
BRDA:145,13,2,0
BRDA:148,14,0,0
BRDA:148,14,1,0
BRDA:151,15,0,0
BRDA:151,15,1,0
BRDA:166,16,0,0
BRDA:166,16,1,0
BRDA:169,17,0,0
BRDA:169,17,1,0
BRDA:172,18,0,0
BRDA:172,18,1,0
BRDA:177,19,0,0
BRDA:177,19,1,0
BRDA:177,20,0,0
BRDA:177,20,1,0
BRDA:182,21,0,0
BRDA:182,21,1,0
BRDA:182,22,0,0
BRDA:182,22,1,0
BRDA:187,23,0,0
BRDA:187,23,1,0
BRDA:190,24,0,0
BRDA:190,24,1,0
BRDA:195,25,0,0
BRDA:195,25,1,0
BRDA:199,26,0,0
BRDA:199,26,1,0
BRDA:213,27,0,0
BRDA:213,27,1,0
BRDA:214,28,0,0
BRDA:214,28,1,0
BRDA:225,29,0,0
BRDA:225,29,1,0
BRDA:226,30,0,0
BRDA:226,30,1,0
BRDA:227,31,0,0
BRDA:227,31,1,0
BRDA:228,32,0,0
BRDA:228,32,1,0
BRF:67
BRH:0
end_of_record
TN:
SF:src\core\scoring\nutrition-score.ts
FN:63,calcularScoreNutricion
FN:71,(anonymous_1)
FN:78,(anonymous_2)
FN:82,(anonymous_3)
FN:86,(anonymous_4)
FN:90,(anonymous_5)
FN:94,(anonymous_6)
FN:133,getCategory
FN:141,getEmptyResult
FN:161,calcularTendencia
FN:175,(anonymous_10)
FN:184,(anonymous_11)
FN:185,(anonymous_12)
FN:204,generarRecomendaciones
FN:246,calcularScoreDia
FNF:15
FNH:0
FNDA:0,calcularScoreNutricion
FNDA:0,(anonymous_1)
FNDA:0,(anonymous_2)
FNDA:0,(anonymous_3)
FNDA:0,(anonymous_4)
FNDA:0,(anonymous_5)
FNDA:0,(anonymous_6)
FNDA:0,getCategory
FNDA:0,getEmptyResult
FNDA:0,calcularTendencia
FNDA:0,(anonymous_10)
FNDA:0,(anonymous_11)
FNDA:0,(anonymous_12)
FNDA:0,generarRecomendaciones
FNDA:0,calcularScoreDia
DA:63,0
DA:68,0
DA:69,0
DA:71,0
DA:73,0
DA:74,0
DA:78,0
DA:79,0
DA:80,0
DA:82,0
DA:83,0
DA:84,0
DA:86,0
DA:87,0
DA:88,0
DA:90,0
DA:91,0
DA:92,0
DA:94,0
DA:95,0
DA:96,0
DA:99,0
DA:104,0
DA:107,0
DA:110,0
DA:118,0
DA:134,0
DA:135,0
DA:136,0
DA:137,0
DA:138,0
DA:142,0
DA:166,0
DA:167,0
DA:175,0
DA:176,0
DA:180,0
DA:181,0
DA:182,0
DA:184,0
DA:185,0
DA:188,0
DA:189,0
DA:190,0
DA:191,0
DA:193,0
DA:197,0
DA:211,0
DA:213,0
DA:214,0
DA:217,0
DA:218,0
DA:221,0
DA:222,0
DA:225,0
DA:226,0
DA:229,0
DA:230,0
DA:233,0
DA:234,0
DA:237,0
DA:246,0
DA:247,0
DA:250,0
DA:253,0
DA:256,0
DA:259,0
DA:262,0
DA:264,0
LF:69
LH:0
BRDA:65,0,0,0
BRDA:73,1,0,0
BRDA:73,1,1,0
BRDA:134,2,0,0
BRDA:134,2,1,0
BRDA:135,3,0,0
BRDA:135,3,1,0
BRDA:136,4,0,0
BRDA:136,4,1,0
BRDA:137,5,0,0
BRDA:137,5,1,0
BRDA:166,6,0,0
BRDA:166,6,1,0
BRDA:170,7,0,0
BRDA:170,7,1,0
BRDA:170,8,0,0
BRDA:170,8,1,0
BRDA:190,9,0,0
BRDA:190,9,1,0
BRDA:213,10,0,0
BRDA:213,10,1,0
BRDA:217,11,0,0
BRDA:217,11,1,0
BRDA:221,12,0,0
BRDA:221,12,1,0
BRDA:225,13,0,0
BRDA:225,13,1,0
BRDA:229,14,0,0
BRDA:229,14,1,0
BRDA:233,15,0,0
BRDA:233,15,1,0
BRDA:253,16,0,0
BRDA:253,16,1,0
BRDA:256,17,0,0
BRDA:256,17,1,0
BRDA:259,18,0,0
BRDA:259,18,1,0
BRF:37
BRH:0
end_of_record
TN:
SF:src\core\scoring\training-score.ts
FN:94,calcularScoreEntrenamiento
FN:103,(anonymous_1)
FN:110,(anonymous_2)
FN:113,(anonymous_3)
FN:114,(anonymous_4)
FN:174,getCategory
FN:182,getEmptyResult
FN:208,calcularTendencia
FN:222,(anonymous_8)
FN:231,(anonymous_9)
FN:232,(anonymous_10)
FN:242,(anonymous_11)
FN:250,(anonymous_12)
FN:263,generarRecomendaciones
FN:307,calcularVolumenSemanal
FN:308,(anonymous_15)
FN:317,calcularCargaEntrenamiento
FN:318,(anonymous_17)
FNF:18
FNH:0
FNDA:0,calcularScoreEntrenamiento
FNDA:0,(anonymous_1)
FNDA:0,(anonymous_2)
FNDA:0,(anonymous_3)
FNDA:0,(anonymous_4)
FNDA:0,getCategory
FNDA:0,getEmptyResult
FNDA:0,calcularTendencia
FNDA:0,(anonymous_8)
FNDA:0,(anonymous_9)
FNDA:0,(anonymous_10)
FNDA:0,(anonymous_11)
FNDA:0,(anonymous_12)
FNDA:0,generarRecomendaciones
FNDA:0,calcularVolumenSemanal
FNDA:0,(anonymous_15)
FNDA:0,calcularCargaEntrenamiento
FNDA:0,(anonymous_17)
DA:74,0
DA:94,0
DA:100,0
DA:101,0
DA:103,0
DA:105,0
DA:106,0
DA:110,0
DA:111,0
DA:112,0
DA:113,0
DA:114,0
DA:118,0
DA:119,0
DA:122,0
DA:123,0
DA:124,0
DA:127,0
DA:128,0
DA:129,0
DA:132,0
DA:133,0
DA:136,0
DA:139,0
DA:142,0
DA:145,0
DA:153,0
DA:175,0
DA:176,0
DA:177,0
DA:178,0
DA:179,0
DA:183,0
DA:213,0
DA:214,0
DA:222,0
DA:223,0
DA:227,0
DA:228,0
DA:229,0
DA:231,0
DA:232,0
DA:235,0
DA:236,0
DA:237,0
DA:239,0
DA:240,0
DA:241,0
DA:242,0
DA:244,0
DA:245,0
DA:246,0
DA:248,0
DA:249,0
DA:250,0
DA:251,0
DA:256,0
DA:270,0
DA:272,0
DA:273,0
DA:276,0
DA:277,0
DA:280,0
DA:281,0
DA:282,0
DA:283,0
DA:286,0
DA:287,0
DA:290,0
DA:291,0
DA:294,0
DA:295,0
DA:298,0
DA:307,0
DA:308,0
DA:317,0
DA:318,0
LF:77
LH:0
BRDA:96,0,0,0
BRDA:97,1,0,0
BRDA:105,2,0,0
BRDA:105,2,1,0
BRDA:175,3,0,0
BRDA:175,3,1,0
BRDA:176,4,0,0
BRDA:176,4,1,0
BRDA:177,5,0,0
BRDA:177,5,1,0
BRDA:178,6,0,0
BRDA:178,6,1,0
BRDA:213,7,0,0
BRDA:213,7,1,0
BRDA:244,8,0,0
BRDA:244,8,1,0
BRDA:246,9,0,0
BRDA:246,9,1,0
BRDA:250,10,0,0
BRDA:250,10,1,0
BRDA:272,11,0,0
BRDA:272,11,1,0
BRDA:276,12,0,0
BRDA:276,12,1,0
BRDA:280,13,0,0
BRDA:280,13,1,0
BRDA:282,14,0,0
BRDA:282,14,1,0
BRDA:286,15,0,0
BRDA:286,15,1,0
BRDA:290,16,0,0
BRDA:290,16,1,0
BRDA:294,17,0,0
BRDA:294,17,1,0
BRF:34
BRH:0
end_of_record
TN:
SF:src\hooks\index.ts
FN:6,(anonymous_0)
FN:6,(anonymous_1)
FN:7,(anonymous_2)
FN:7,(anonymous_3)
FN:8,(anonymous_4)
FN:9,(anonymous_5)
FN:9,(anonymous_6)
FNF:7
FNH:0
FNDA:0,(anonymous_0)
FNDA:0,(anonymous_1)
FNDA:0,(anonymous_2)
FNDA:0,(anonymous_3)
FNDA:0,(anonymous_4)
FNDA:0,(anonymous_5)
FNDA:0,(anonymous_6)
DA:6,0
DA:7,0
DA:8,0
DA:9,0
LF:4
LH:0
BRF:0
BRH:0
end_of_record
TN:
SF:src\hooks\useHealthScore.ts
FN:31,useHealthScore
FN:38,(anonymous_1)
FN:40,(anonymous_2)
FN:52,(anonymous_3)
FN:56,(anonymous_4)
FN:65,(anonymous_5)
FN:70,(anonymous_6)
FN:80,(anonymous_7)
FNF:8
FNH:0
FNDA:0,useHealthScore
FNDA:0,(anonymous_1)
FNDA:0,(anonymous_2)
FNDA:0,(anonymous_3)
FNDA:0,(anonymous_4)
FNDA:0,(anonymous_5)
FNDA:0,(anonymous_6)
FNDA:0,(anonymous_7)
DA:6,0
DA:7,0
DA:13,0
DA:14,0
DA:15,0
DA:31,0
DA:32,0
DA:33,0
DA:34,0
DA:35,0
DA:38,0
DA:39,0
DA:40,0
DA:41,0
DA:42,0
DA:43,0
DA:44,0
DA:49,0
DA:52,0
DA:56,0
DA:65,0
DA:66,0
DA:70,0
DA:71,0
DA:72,0
DA:77,0
DA:80,0
DA:81,0
DA:84,0
LF:29
LH:0
BRDA:43,0,0,0
BRDA:43,0,1,0
BRDA:43,1,0,0
BRDA:43,1,1,0
BRDA:44,2,0,0
BRDA:44,2,1,0
BRDA:49,3,0,0
BRDA:49,3,1,0
BRDA:71,4,0,0
BRDA:71,4,1,0
BRDA:90,5,0,0
BRDA:90,5,1,0
BRDA:90,5,2,0
BRF:13
BRH:0
end_of_record
TN:
SF:src\hooks\useNutritionScore.ts
FN:26,useNutritionScore
FN:30,(anonymous_1)
FN:47,resetMockNutritionLogs
FNF:3
FNH:0
FNDA:0,useNutritionScore
FNDA:0,(anonymous_1)
FNDA:0,resetMockNutritionLogs
DA:6,0
DA:7,0
DA:26,0
DA:28,0
DA:30,0
DA:31,0
DA:34,0
DA:47,0
LF:8
LH:0
BRDA:26,0,0,0
BRF:1
BRH:0
end_of_record
TN:
SF:src\hooks\usePermissions.ts
FN:14,usePermissions
FN:21,(anonymous_1)
FN:40,(anonymous_2)
FN:44,(anonymous_3)
FN:58,useCanEditModule
FNF:5
FNH:0
FNDA:0,usePermissions
FNDA:0,(anonymous_1)
FNDA:0,(anonymous_2)
FNDA:0,(anonymous_3)
FNDA:0,useCanEditModule
DA:3,0
DA:4,0
DA:14,0
DA:18,0
DA:19,0
DA:21,0
DA:22,0
DA:23,0
DA:24,0
DA:25,0
DA:28,0
DA:29,0
DA:30,0
DA:31,0
DA:33,0
DA:34,0
DA:36,0
DA:40,0
DA:41,0
DA:44,0
DA:45,0
DA:46,0
DA:49,0
DA:58,0
DA:63,0
DA:65,0
LF:26
LH:0
BRDA:22,0,0,0
BRDA:22,0,1,0
BRDA:22,1,0,0
BRDA:22,1,1,0
BRDA:45,2,0,0
BRDA:45,2,1,0
BRF:6
BRH:0
end_of_record
TN:
SF:src\hooks\useScale.ts
FN:13,useScale
FN:17,(anonymous_1)
FNF:2
FNH:0
FNDA:0,useScale
FNDA:0,(anonymous_1)
DA:1,0
DA:2,0
DA:13,0
DA:14,0
DA:15,0
DA:17,0
DA:18,0
DA:19,0
DA:22,0
LF:9
LH:0
BRDA:13,0,0,0
BRDA:13,1,0,0
BRDA:18,2,0,0
BRDA:18,2,1,0
BRF:4
BRH:0
end_of_record
TN:
SF:src\hooks\useTrainingScore.ts
FN:26,useTrainingScore
FN:30,(anonymous_1)
FN:47,resetMockTrainingLogs
FNF:3
FNH:0
FNDA:0,useTrainingScore
FNDA:0,(anonymous_1)
FNDA:0,resetMockTrainingLogs
DA:6,0
DA:7,0
DA:26,0
DA:28,0
DA:30,0
DA:31,0
DA:34,0
DA:47,0
LF:8
LH:0
BRDA:26,0,0,0
BRF:1
BRH:0
end_of_record
TN:
SF:src\services\permissionsStorage.ts
FN:40,(anonymous_1)
FN:44,(anonymous_2)
FN:64,(anonymous_3)
FN:73,(anonymous_4)
FN:75,(anonymous_5)
FN:79,(anonymous_6)
FN:81,(anonymous_7)
FN:85,(anonymous_8)
FN:92,(anonymous_9)
FN:99,(anonymous_10)
FN:105,(anonymous_11)
FN:110,(anonymous_12)
FN:113,(anonymous_13)
FN:126,(anonymous_14)
FN:133,(anonymous_15)
FN:144,(anonymous_16)
FN:147,(anonymous_17)
FN:153,(anonymous_18)
FN:159,(anonymous_19)
FN:181,(anonymous_20)
FN:189,(anonymous_21)
FNF:21
FNH:0
FNDA:0,(anonymous_1)
FNDA:0,(anonymous_2)
FNDA:0,(anonymous_3)
FNDA:0,(anonymous_4)
FNDA:0,(anonymous_5)
FNDA:0,(anonymous_6)
FNDA:0,(anonymous_7)
FNDA:0,(anonymous_8)
FNDA:0,(anonymous_9)
FNDA:0,(anonymous_10)
FNDA:0,(anonymous_11)
FNDA:0,(anonymous_12)
FNDA:0,(anonymous_13)
FNDA:0,(anonymous_14)
FNDA:0,(anonymous_15)
FNDA:0,(anonymous_16)
FNDA:0,(anonymous_17)
FNDA:0,(anonymous_18)
FNDA:0,(anonymous_19)
FNDA:0,(anonymous_20)
FNDA:0,(anonymous_21)
DA:4,0
DA:7,0
DA:10,0
DA:41,0
DA:42,0
DA:45,0
DA:47,0
DA:48,0
DA:49,0
DA:50,0
DA:53,0
DA:54,0
DA:56,0
DA:58,0
DA:59,0
DA:60,0
DA:65,0
DA:66,0
DA:68,0
DA:74,0
DA:75,0
DA:80,0
DA:81,0
DA:90,0
DA:91,0
DA:92,0
DA:94,0
DA:95,0
DA:103,0
DA:104,0
DA:105,0
DA:111,0
DA:112,0
DA:113,0
DA:116,0
DA:117,0
DA:119,0
DA:122,0
DA:131,0
DA:132,0
DA:133,0
DA:136,0
DA:138,0
DA:139,0
DA:140,0
DA:145,0
DA:146,0
DA:147,0
DA:149,0
DA:154,0
DA:155,0
DA:167,0
DA:169,0
DA:180,0
DA:181,0
DA:184,0
DA:185,0
DA:190,0
DA:191,0
DA:195,0
LF:60
LH:0
BRDA:45,0,0,0
BRDA:45,0,1,0
BRDA:49,1,0,0
BRDA:49,1,1,0
BRDA:92,2,0,0
BRDA:92,2,1,0
BRDA:94,3,0,0
BRDA:94,3,1,0
BRDA:104,4,0,0
BRDA:104,4,1,0
BRDA:105,5,0,0
BRDA:105,5,1,0
BRDA:113,6,0,0
BRDA:113,6,1,0
BRDA:116,7,0,0
BRDA:116,7,1,0
BRDA:133,8,0,0
BRDA:133,8,1,0
BRDA:136,9,0,0
BRDA:136,9,1,0
BRDA:147,10,0,0
BRDA:147,10,1,0
BRDA:181,11,0,0
BRDA:181,11,1,0
BRF:24
BRH:0
end_of_record
TN:
SF:src\services\api\adminService.ts
FN:43,(anonymous_0)
FN:48,(anonymous_1)
FN:52,(anonymous_2)
FN:56,(anonymous_3)
FN:60,(anonymous_4)
FN:64,(anonymous_5)
FN:68,(anonymous_6)
FN:72,(anonymous_7)
FN:77,(anonymous_8)
FNF:9
FNH:0
FNDA:0,(anonymous_0)
FNDA:0,(anonymous_1)
FNDA:0,(anonymous_2)
FNDA:0,(anonymous_3)
FNDA:0,(anonymous_4)
FNDA:0,(anonymous_5)
FNDA:0,(anonymous_6)
FNDA:0,(anonymous_7)
FNDA:0,(anonymous_8)
DA:3,0
DA:4,0
DA:6,0
DA:41,0
DA:44,0
DA:49,0
DA:53,0
DA:57,0
DA:61,0
DA:65,0
DA:69,0
DA:73,0
DA:78,0
LF:13
LH:0
BRDA:77,0,0,0
BRF:1
BRH:0
end_of_record
TN:
SF:src\services\api\analyticsService.ts
FN:93,(anonymous_0)
FN:100,(anonymous_1)
FN:104,(anonymous_2)
FN:111,(anonymous_3)
FN:120,(anonymous_4)
FN:127,(anonymous_5)
FN:131,(anonymous_6)
FN:135,(anonymous_7)
FN:139,(anonymous_8)
FN:143,(anonymous_9)
FN:147,(anonymous_10)
FNF:11
FNH:0
FNDA:0,(anonymous_0)
FNDA:0,(anonymous_1)
FNDA:0,(anonymous_2)
FNDA:0,(anonymous_3)
FNDA:0,(anonymous_4)
FNDA:0,(anonymous_5)
FNDA:0,(anonymous_6)
FNDA:0,(anonymous_7)
FNDA:0,(anonymous_8)
FNDA:0,(anonymous_9)
FNDA:0,(anonymous_10)
DA:3,0
DA:4,0
DA:6,0
DA:92,0
DA:94,0
DA:97,0
DA:101,0
DA:105,0
DA:108,0
DA:112,0
DA:113,0
DA:114,0
DA:115,0
DA:116,0
DA:117,0
DA:121,0
DA:124,0
DA:128,0
DA:132,0
DA:136,0
DA:140,0
DA:144,0
DA:148,0
LF:23
LH:0
BRDA:94,0,0,0
BRDA:94,0,1,0
BRDA:105,1,0,0
BRDA:105,1,1,0
BRDA:114,2,0,0
BRDA:114,2,1,0
BRDA:115,3,0,0
BRDA:115,3,1,0
BRDA:116,4,0,0
BRDA:116,4,1,0
BRDA:121,5,0,0
BRDA:121,5,1,0
BRF:12
BRH:0
end_of_record
TN:
SF:src\services\api\apiClient.ts
FN:14,(anonymous_7)
FN:25,(anonymous_8)
FN:37,(anonymous_9)
FN:49,(anonymous_10)
FN:68,(anonymous_11)
FN:107,(anonymous_12)
FN:111,(anonymous_13)
FN:115,(anonymous_14)
FN:119,(anonymous_15)
FN:123,(anonymous_16)
FNF:10
FNH:0
FNDA:0,(anonymous_7)
FNDA:0,(anonymous_8)
FNDA:0,(anonymous_9)
FNDA:0,(anonymous_10)
FNDA:0,(anonymous_11)
FNDA:0,(anonymous_12)
FNDA:0,(anonymous_13)
FNDA:0,(anonymous_14)
FNDA:0,(anonymous_15)
FNDA:0,(anonymous_16)
DA:4,0
DA:5,0
DA:6,0
DA:7,0
DA:10,0
DA:11,0
DA:15,0
DA:16,0
DA:17,0
DA:19,0
DA:21,0
DA:26,0
DA:27,0
DA:28,0
DA:30,0
DA:33,0
DA:38,0
DA:39,0
DA:40,0
DA:42,0
DA:45,0
DA:55,0
DA:56,0
DA:58,0
DA:62,0
DA:63,0
DA:66,0
DA:67,0
DA:68,0
DA:70,0
DA:77,0
DA:79,0
DA:81,0
DA:82,0
DA:88,0
DA:93,0
DA:94,0
DA:99,0
DA:108,0
DA:112,0
DA:116,0
DA:120,0
DA:124,0
DA:128,0
LF:44
LH:0
BRDA:16,0,0,0
BRDA:16,0,1,0
BRDA:27,1,0,0
BRDA:27,1,1,0
BRDA:39,2,0,0
BRDA:39,2,1,0
BRDA:52,3,0,0
BRDA:62,4,0,0
BRDA:62,4,1,0
BRDA:73,5,0,0
BRDA:73,5,1,0
BRDA:81,6,0,0
BRDA:81,6,1,0
BRDA:84,7,0,0
BRDA:84,7,1,0
BRDA:84,7,2,0
BRDA:90,8,0,0
BRDA:90,8,1,0
BRDA:93,9,0,0
BRDA:93,9,1,0
BRDA:101,10,0,0
BRDA:101,10,1,0
BRDA:107,11,0,0
BRDA:111,12,0,0
BRDA:115,13,0,0
BRDA:119,14,0,0
BRDA:123,15,0,0
BRF:27
BRH:0
end_of_record
TN:
SF:src\services\api\assignmentService.ts
FN:21,(anonymous_0)
FN:25,(anonymous_1)
FN:29,(anonymous_2)
FN:33,(anonymous_3)
FN:37,(anonymous_4)
FN:41,(anonymous_5)
FN:45,(anonymous_6)
FN:49,(anonymous_7)
FNF:8
FNH:0
FNDA:0,(anonymous_0)
FNDA:0,(anonymous_1)
FNDA:0,(anonymous_2)
FNDA:0,(anonymous_3)
FNDA:0,(anonymous_4)
FNDA:0,(anonymous_5)
FNDA:0,(anonymous_6)
FNDA:0,(anonymous_7)
DA:3,0
DA:4,0
DA:6,0
DA:20,0
DA:22,0
DA:26,0
DA:30,0
DA:34,0
DA:38,0
DA:42,0
DA:46,0
DA:50,0
LF:12
LH:0
BRF:0
BRH:0
end_of_record
TN:
SF:src\services\api\checkinService.ts
FN:108,(anonymous_0)
FN:112,(anonymous_1)
FN:117,(anonymous_2)
FN:124,(anonymous_3)
FN:129,(anonymous_4)
FN:138,(anonymous_5)
FN:143,(anonymous_6)
FN:147,(anonymous_7)
FNF:8
FNH:0
FNDA:0,(anonymous_0)
FNDA:0,(anonymous_1)
FNDA:0,(anonymous_2)
FNDA:0,(anonymous_3)
FNDA:0,(anonymous_4)
FNDA:0,(anonymous_5)
FNDA:0,(anonymous_6)
FNDA:0,(anonymous_7)
DA:3,0
DA:4,0
DA:6,0
DA:106,0
DA:109,0
DA:113,0
DA:118,0
DA:119,0
DA:120,0
DA:125,0
DA:135,0
DA:139,0
DA:144,0
DA:148,0
LF:14
LH:0
BRDA:117,0,0,0
BRDA:119,1,0,0
BRDA:119,1,1,0
BRDA:138,2,0,0
BRDA:147,3,0,0
BRF:5
BRH:0
end_of_record
TN:
SF:src\services\api\config.ts
FN:153,(anonymous_0)
FN:155,(anonymous_1)
FNF:2
FNH:0
FNDA:0,(anonymous_0)
FNDA:0,(anonymous_1)
DA:3,0
DA:153,0
DA:154,0
DA:155,0
DA:156,0
DA:158,0
LF:6
LH:0
BRDA:6,0,0,0
BRDA:6,0,1,0
BRDA:153,1,0,0
BRF:3
BRH:0
end_of_record
TN:
SF:src\services\api\engagementService.ts
FN:57,(anonymous_0)
FN:64,(anonymous_1)
FN:68,(anonymous_2)
FN:72,(anonymous_3)
FN:77,(anonymous_4)
FN:87,(anonymous_5)
FN:91,(anonymous_6)
FN:95,(anonymous_7)
FN:100,(anonymous_8)
FN:105,(anonymous_9)
FNF:10
FNH:0
FNDA:0,(anonymous_0)
FNDA:0,(anonymous_1)
FNDA:0,(anonymous_2)
FNDA:0,(anonymous_3)
FNDA:0,(anonymous_4)
FNDA:0,(anonymous_5)
FNDA:0,(anonymous_6)
FNDA:0,(anonymous_7)
FNDA:0,(anonymous_8)
FNDA:0,(anonymous_9)
DA:3,0
DA:4,0
DA:6,0
DA:55,0
DA:58,0
DA:61,0
DA:65,0
DA:69,0
DA:73,0
DA:78,0
DA:79,0
DA:80,0
DA:81,0
DA:84,0
DA:88,0
DA:92,0
DA:96,0
DA:101,0
DA:106,0
DA:109,0
LF:20
LH:0
BRDA:58,0,0,0
BRDA:58,0,1,0
BRDA:79,1,0,0
BRDA:79,1,1,0
BRDA:80,2,0,0
BRDA:80,2,1,0
BRDA:81,3,0,0
BRDA:81,3,1,0
BRDA:106,4,0,0
BRDA:106,4,1,0
BRF:10
BRH:0
end_of_record
TN:
SF:src\services\api\index.ts
FN:3,(anonymous_0)
FN:4,(anonymous_1)
FN:4,(anonymous_2)
FN:5,(anonymous_3)
FN:6,(anonymous_4)
FN:7,(anonymous_5)
FN:8,(anonymous_6)
FN:9,(anonymous_7)
FN:10,(anonymous_8)
FN:11,(anonymous_9)
FN:12,(anonymous_10)
FN:13,(anonymous_11)
FNF:12
FNH:0
FNDA:0,(anonymous_0)
FNDA:0,(anonymous_1)
FNDA:0,(anonymous_2)
FNDA:0,(anonymous_3)
FNDA:0,(anonymous_4)
FNDA:0,(anonymous_5)
FNDA:0,(anonymous_6)
FNDA:0,(anonymous_7)
FNDA:0,(anonymous_8)
FNDA:0,(anonymous_9)
FNDA:0,(anonymous_10)
FNDA:0,(anonymous_11)
DA:3,0
DA:4,0
DA:5,0
DA:6,0
DA:7,0
DA:8,0
DA:9,0
DA:10,0
DA:11,0
DA:12,0
DA:13,0
LF:11
LH:0
BRF:0
BRH:0
end_of_record
TN:
SF:src\services\api\nutritionService.ts
FN:203,(anonymous_0)
FN:210,(anonymous_1)
FN:214,(anonymous_2)
FN:218,(anonymous_3)
FN:222,(anonymous_4)
FN:226,(anonymous_5)
FN:231,(anonymous_6)
FN:238,(anonymous_7)
FN:242,(anonymous_8)
FN:246,(anonymous_9)
FN:251,(anonymous_10)
FN:258,(anonymous_11)
FN:262,(anonymous_12)
FN:267,(anonymous_13)
FN:274,(anonymous_14)
FN:279,(anonymous_15)
FN:284,(anonymous_16)
FN:289,(anonymous_17)
FN:294,(anonymous_18)
FN:302,(anonymous_19)
FN:306,(anonymous_20)
FN:313,(anonymous_21)
FN:317,(anonymous_22)
FN:321,(anonymous_23)
FN:325,(anonymous_24)
FN:338,(anonymous_25)
FN:342,(anonymous_26)
FN:355,(anonymous_27)
FNF:28
FNH:0
FNDA:0,(anonymous_0)
FNDA:0,(anonymous_1)
FNDA:0,(anonymous_2)
FNDA:0,(anonymous_3)
FNDA:0,(anonymous_4)
FNDA:0,(anonymous_5)
FNDA:0,(anonymous_6)
FNDA:0,(anonymous_7)
FNDA:0,(anonymous_8)
FNDA:0,(anonymous_9)
FNDA:0,(anonymous_10)
FNDA:0,(anonymous_11)
FNDA:0,(anonymous_12)
FNDA:0,(anonymous_13)
FNDA:0,(anonymous_14)
FNDA:0,(anonymous_15)
FNDA:0,(anonymous_16)
FNDA:0,(anonymous_17)
FNDA:0,(anonymous_18)
FNDA:0,(anonymous_19)
FNDA:0,(anonymous_20)
FNDA:0,(anonymous_21)
FNDA:0,(anonymous_22)
FNDA:0,(anonymous_23)
FNDA:0,(anonymous_24)
FNDA:0,(anonymous_25)
FNDA:0,(anonymous_26)
FNDA:0,(anonymous_27)
DA:3,0
DA:4,0
DA:6,0
DA:201,0
DA:204,0
DA:207,0
DA:211,0
DA:215,0
DA:219,0
DA:223,0
DA:227,0
DA:232,0
DA:235,0
DA:239,0
DA:243,0
DA:247,0
DA:252,0
DA:255,0
DA:259,0
DA:263,0
DA:268,0
DA:271,0
DA:275,0
DA:280,0
DA:285,0
DA:290,0
DA:295,0
DA:303,0
DA:307,0
DA:310,0
DA:314,0
DA:318,0
DA:322,0
DA:331,0
DA:339,0
DA:343,0
DA:344,0
DA:348,0
DA:356,0
DA:357,0
DA:358,0
DA:359,0
DA:360,0
DA:361,0
LF:44
LH:0
BRDA:204,0,0,0
BRDA:204,0,1,0
BRDA:232,1,0,0
BRDA:232,1,1,0
BRDA:252,2,0,0
BRDA:252,2,1,0
BRDA:268,3,0,0
BRDA:268,3,1,0
BRDA:296,4,0,0
BRDA:296,4,1,0
BRDA:307,5,0,0
BRDA:307,5,1,0
BRDA:343,6,0,0
BRDA:343,6,1,0
BRDA:358,7,0,0
BRDA:358,7,1,0
BRDA:359,8,0,0
BRDA:359,8,1,0
BRDA:360,9,0,0
BRDA:360,9,1,0
BRF:20
BRH:0
end_of_record
TN:
SF:src\services\api\telemedicineService.ts
FN:153,(anonymous_0)
FN:164,(anonymous_1)
FN:168,(anonymous_2)
FN:172,(anonymous_3)
FN:181,(anonymous_4)
FN:187,(anonymous_5)
FN:192,(anonymous_6)
FN:198,(anonymous_7)
FN:202,(anonymous_8)
FN:206,(anonymous_9)
FN:211,(anonymous_10)
FN:222,(anonymous_11)
FN:226,(anonymous_12)
FN:230,(anonymous_13)
FN:235,(anonymous_14)
FN:241,(anonymous_15)
FN:246,(anonymous_16)
FN:258,(anonymous_17)
FN:262,(anonymous_18)
FN:266,(anonymous_19)
FN:271,(anonymous_20)
FN:275,(anonymous_21)
FN:280,(anonymous_22)
FN:284,(anonymous_23)
FN:289,(anonymous_24)
FN:299,(anonymous_25)
FN:310,(anonymous_26)
FN:317,(anonymous_27)
FN:321,(anonymous_28)
FN:325,(anonymous_29)
FNF:30
FNH:0
FNDA:0,(anonymous_0)
FNDA:0,(anonymous_1)
FNDA:0,(anonymous_2)
FNDA:0,(anonymous_3)
FNDA:0,(anonymous_4)
FNDA:0,(anonymous_5)
FNDA:0,(anonymous_6)
FNDA:0,(anonymous_7)
FNDA:0,(anonymous_8)
FNDA:0,(anonymous_9)
FNDA:0,(anonymous_10)
FNDA:0,(anonymous_11)
FNDA:0,(anonymous_12)
FNDA:0,(anonymous_13)
FNDA:0,(anonymous_14)
FNDA:0,(anonymous_15)
FNDA:0,(anonymous_16)
FNDA:0,(anonymous_17)
FNDA:0,(anonymous_18)
FNDA:0,(anonymous_19)
FNDA:0,(anonymous_20)
FNDA:0,(anonymous_21)
FNDA:0,(anonymous_22)
FNDA:0,(anonymous_23)
FNDA:0,(anonymous_24)
FNDA:0,(anonymous_25)
FNDA:0,(anonymous_26)
FNDA:0,(anonymous_27)
FNDA:0,(anonymous_28)
FNDA:0,(anonymous_29)
DA:3,0
DA:4,0
DA:6,0
DA:151,0
DA:154,0
DA:155,0
DA:156,0
DA:157,0
DA:158,0
DA:159,0
DA:160,0
DA:161,0
DA:165,0
DA:169,0
DA:173,0
DA:182,0
DA:183,0
DA:184,0
DA:188,0
DA:193,0
DA:194,0
DA:195,0
DA:199,0
DA:203,0
DA:207,0
DA:212,0
DA:213,0
DA:214,0
DA:215,0
DA:216,0
DA:217,0
DA:218,0
DA:219,0
DA:223,0
DA:227,0
DA:231,0
DA:236,0
DA:237,0
DA:238,0
DA:242,0
DA:247,0
DA:248,0
DA:249,0
DA:250,0
DA:251,0
DA:252,0
DA:253,0
DA:254,0
DA:255,0
DA:259,0
DA:263,0
DA:267,0
DA:272,0
DA:276,0
DA:281,0
DA:285,0
DA:290,0
DA:296,0
DA:300,0
DA:306,0
DA:311,0
DA:314,0
DA:318,0
DA:322,0
DA:326,0
LF:65
LH:0
BRDA:156,0,0,0
BRDA:156,0,1,0
BRDA:157,1,0,0
BRDA:157,1,1,0
BRDA:158,2,0,0
BRDA:158,2,1,0
BRDA:159,3,0,0
BRDA:159,3,1,0
BRDA:160,4,0,0
BRDA:160,4,1,0
BRDA:183,5,0,0
BRDA:183,5,1,0
BRDA:194,6,0,0
BRDA:194,6,1,0
BRDA:214,7,0,0
BRDA:214,7,1,0
BRDA:215,8,0,0
BRDA:215,8,1,0
BRDA:216,9,0,0
BRDA:216,9,1,0
BRDA:217,10,0,0
BRDA:217,10,1,0
BRDA:218,11,0,0
BRDA:218,11,1,0
BRDA:237,12,0,0
BRDA:237,12,1,0
BRDA:249,13,0,0
BRDA:249,13,1,0
BRDA:250,14,0,0
BRDA:250,14,1,0
BRDA:251,15,0,0
BRDA:251,15,1,0
BRDA:252,16,0,0
BRDA:252,16,1,0
BRDA:253,17,0,0
BRDA:253,17,1,0
BRDA:254,18,0,0
BRDA:254,18,1,0
BRDA:311,19,0,0
BRDA:311,19,1,0
BRF:40
BRH:0
end_of_record
TN:
SF:src\services\api\trainingService.ts
FN:63,(anonymous_0)
FN:70,(anonymous_1)
FN:74,(anonymous_2)
FN:83,(anonymous_3)
FN:87,(anonymous_4)
FN:92,(anonymous_5)
FN:99,(anonymous_6)
FN:103,(anonymous_7)
FN:108,(anonymous_8)
FN:115,(anonymous_9)
FN:119,(anonymous_10)
FN:124,(anonymous_11)
FN:128,(anonymous_12)
FN:132,(anonymous_13)
FN:136,(anonymous_14)
FN:143,(anonymous_15)
FN:148,(anonymous_16)
FN:152,(anonymous_17)
FN:157,(anonymous_18)
FN:168,(anonymous_19)
FN:173,(anonymous_20)
FNF:21
FNH:0
FNDA:0,(anonymous_0)
FNDA:0,(anonymous_1)
FNDA:0,(anonymous_2)
FNDA:0,(anonymous_3)
FNDA:0,(anonymous_4)
FNDA:0,(anonymous_5)
FNDA:0,(anonymous_6)
FNDA:0,(anonymous_7)
FNDA:0,(anonymous_8)
FNDA:0,(anonymous_9)
FNDA:0,(anonymous_10)
FNDA:0,(anonymous_11)
FNDA:0,(anonymous_12)
FNDA:0,(anonymous_13)
FNDA:0,(anonymous_14)
FNDA:0,(anonymous_15)
FNDA:0,(anonymous_16)
FNDA:0,(anonymous_17)
FNDA:0,(anonymous_18)
FNDA:0,(anonymous_19)
FNDA:0,(anonymous_20)
DA:3,0
DA:4,0
DA:6,0
DA:61,0
DA:64,0
DA:67,0
DA:71,0
DA:75,0
DA:76,0
DA:77,0
DA:78,0
DA:79,0
DA:80,0
DA:84,0
DA:88,0
DA:93,0
DA:96,0
DA:100,0
DA:104,0
DA:109,0
DA:112,0
DA:116,0
DA:120,0
DA:125,0
DA:129,0
DA:133,0
DA:137,0
DA:140,0
DA:144,0
DA:149,0
DA:153,0
DA:164,0
DA:169,0
DA:183,0
LF:34
LH:0
BRDA:64,0,0,0
BRDA:64,0,1,0
BRDA:77,1,0,0
BRDA:77,1,1,0
BRDA:78,2,0,0
BRDA:78,2,1,0
BRDA:79,3,0,0
BRDA:79,3,1,0
BRDA:93,4,0,0
BRDA:93,4,1,0
BRDA:109,5,0,0
BRDA:109,5,1,0
BRDA:120,6,0,0
BRDA:120,6,1,0
BRDA:137,7,0,0
BRDA:137,7,1,0
BRF:16
BRH:0
end_of_record
TN:
SF:src\services\api\userService.ts
FN:51,(anonymous_0)
FN:55,(anonymous_1)
FN:59,(anonymous_2)
FN:63,(anonymous_3)
FN:67,(anonymous_4)
FN:74,(anonymous_5)
FN:78,(anonymous_6)
FN:82,(anonymous_7)
FNF:8
FNH:0
FNDA:0,(anonymous_0)
FNDA:0,(anonymous_1)
FNDA:0,(anonymous_2)
FNDA:0,(anonymous_3)
FNDA:0,(anonymous_4)
FNDA:0,(anonymous_5)
FNDA:0,(anonymous_6)
FNDA:0,(anonymous_7)
DA:3,0
DA:4,0
DA:6,0
DA:50,0
DA:52,0
DA:56,0
DA:60,0
DA:64,0
DA:68,0
DA:75,0
DA:79,0
DA:83,0
LF:12
LH:0
BRF:0
BRH:0
end_of_record
TN:
SF:src\services\food\index.ts
FN:4,(anonymous_4)
FN:5,(anonymous_5)
FNF:2
FNH:0
FNDA:0,(anonymous_4)
FNDA:0,(anonymous_5)
DA:3,0
DA:4,0
DA:5,0
LF:3
LH:0
BRF:0
BRH:0
end_of_record
TN:
SF:src\services\food\openFoodFactsProvider.ts
FN:15,rateLimitedFetch
FN:20,(anonymous_2)
FN:33,getCached
FN:50,setCache
FN:62,transformProduct
FN:92,safeNumber
FN:101,(anonymous_7)
FN:118,(anonymous_8)
FN:143,(anonymous_9)
FN:175,(anonymous_10)
FNF:10
FNH:0
FNDA:0,rateLimitedFetch
FNDA:0,(anonymous_2)
FNDA:0,getCached
FNDA:0,setCache
FNDA:0,transformProduct
FNDA:0,safeNumber
FNDA:0,(anonymous_7)
FNDA:0,(anonymous_8)
FNDA:0,(anonymous_9)
FNDA:0,(anonymous_10)
DA:4,0
DA:7,0
DA:8,0
DA:9,0
DA:12,0
DA:13,0
DA:16,0
DA:17,0
DA:19,0
DA:20,0
DA:23,0
DA:25,0
DA:34,0
DA:35,0
DA:36,0
DA:38,0
DA:39,0
DA:40,0
DA:41,0
DA:44,0
DA:46,0
DA:51,0
DA:52,0
DA:57,0
DA:63,0
DA:65,0
DA:67,0
DA:93,0
DA:94,0
DA:95,0
DA:98,0
DA:102,0
DA:103,0
DA:104,0
DA:106,0
DA:107,0
DA:109,0
DA:110,0
DA:111,0
DA:114,0
DA:116,0
DA:118,0
DA:120,0
DA:128,0
DA:129,0
DA:132,0
DA:133,0
DA:144,0
DA:145,0
DA:146,0
DA:148,0
DA:149,0
DA:151,0
DA:152,0
DA:153,0
DA:156,0
DA:158,0
DA:159,0
DA:162,0
DA:163,0
DA:164,0
DA:167,0
DA:170,0
DA:171,0
DA:177,0
DA:178,0
DA:179,0
LF:67
LH:0
BRDA:19,0,0,0
BRDA:19,0,1,0
BRDA:36,1,0,0
BRDA:36,1,1,0
BRDA:39,2,0,0
BRDA:39,2,1,0
BRDA:63,3,0,0
BRDA:63,3,1,0
BRDA:63,4,0,0
BRDA:63,4,1,0
BRDA:65,5,0,0
BRDA:65,5,1,0
BRDA:68,6,0,0
BRDA:68,6,1,0
BRDA:70,7,0,0
BRDA:70,7,1,0
BRDA:70,7,2,0
BRDA:73,8,0,0
BRDA:73,8,1,0
BRDA:75,9,0,0
BRDA:75,9,1,0
BRDA:81,10,0,0
BRDA:81,10,1,0
BRDA:84,11,0,0
BRDA:84,11,1,0
BRDA:88,12,0,0
BRDA:88,12,1,0
BRDA:93,13,0,0
BRDA:93,13,1,0
BRDA:93,14,0,0
BRDA:93,14,1,0
BRDA:93,14,2,0
BRDA:95,15,0,0
BRDA:95,15,1,0
BRDA:101,16,0,0
BRDA:101,17,0,0
BRDA:104,18,0,0
BRDA:104,18,1,0
BRDA:110,19,0,0
BRDA:110,19,1,0
BRDA:116,20,0,0
BRDA:116,20,1,0
BRDA:122,21,0,0
BRDA:122,21,1,0
BRDA:146,22,0,0
BRDA:146,22,1,0
BRDA:152,23,0,0
BRDA:152,23,1,0
BRDA:158,24,0,0
BRDA:158,24,1,0
BRDA:158,25,0,0
BRDA:158,25,1,0
BRDA:163,26,0,0
BRDA:163,26,1,0
BRDA:179,27,0,0
BRDA:179,27,1,0
BRF:56
BRH:0
end_of_record
TN:
SF:src\services\food\savedFoodsStorage.ts
FN:9,(anonymous_1)
FN:14,(anonymous_2)
FN:34,(anonymous_3)
FN:42,(anonymous_4)
FN:51,(anonymous_5)
FN:56,(anonymous_6)
FN:58,(anonymous_7)
FN:61,(anonymous_8)
FN:65,(anonymous_9)
FN:87,(anonymous_10)
FN:89,(anonymous_11)
FN:93,(anonymous_12)
FN:95,(anonymous_13)
FN:104,(anonymous_14)
FN:106,(anonymous_15)
FN:110,(anonymous_16)
FN:115,(anonymous_17)
FN:117,(anonymous_18)
FN:120,(anonymous_19)
FN:140,(anonymous_20)
FN:142,(anonymous_21)
FN:166,(anonymous_22)
FN:168,(anonymous_23)
FN:173,(anonymous_24)
FN:201,(anonymous_25)
FN:219,(anonymous_26)
FN:222,(anonymous_27)
FNF:27
FNH:0
FNDA:0,(anonymous_1)
FNDA:0,(anonymous_2)
FNDA:0,(anonymous_3)
FNDA:0,(anonymous_4)
FNDA:0,(anonymous_5)
FNDA:0,(anonymous_6)
FNDA:0,(anonymous_7)
FNDA:0,(anonymous_8)
FNDA:0,(anonymous_9)
FNDA:0,(anonymous_10)
FNDA:0,(anonymous_11)
FNDA:0,(anonymous_12)
FNDA:0,(anonymous_13)
FNDA:0,(anonymous_14)
FNDA:0,(anonymous_15)
FNDA:0,(anonymous_16)
FNDA:0,(anonymous_17)
FNDA:0,(anonymous_18)
FNDA:0,(anonymous_19)
FNDA:0,(anonymous_20)
FNDA:0,(anonymous_21)
FNDA:0,(anonymous_22)
FNDA:0,(anonymous_23)
FNDA:0,(anonymous_24)
FNDA:0,(anonymous_25)
FNDA:0,(anonymous_26)
FNDA:0,(anonymous_27)
DA:3,0
DA:6,0
DA:7,0
DA:10,0
DA:11,0
DA:12,0
DA:15,0
DA:17,0
DA:18,0
DA:23,0
DA:24,0
DA:25,0
DA:27,0
DA:28,0
DA:29,0
DA:30,0
DA:35,0
DA:36,0
DA:38,0
DA:43,0
DA:44,0
DA:46,0
DA:52,0
DA:53,0
DA:57,0
DA:58,0
DA:62,0
DA:65,0
DA:66,0
DA:68,0
DA:69,0
DA:70,0
DA:71,0
DA:74,0
DA:82,0
DA:83,0
DA:84,0
DA:88,0
DA:89,0
DA:90,0
DA:94,0
DA:95,0
DA:96,0
DA:97,0
DA:98,0
DA:99,0
DA:101,0
DA:105,0
DA:106,0
DA:111,0
DA:112,0
DA:116,0
DA:117,0
DA:121,0
DA:124,0
DA:126,0
DA:135,0
DA:136,0
DA:137,0
DA:141,0
DA:142,0
DA:143,0
DA:145,0
DA:148,0
DA:149,0
DA:150,0
DA:151,0
DA:152,0
DA:153,0
DA:156,0
DA:162,0
DA:163,0
DA:167,0
DA:168,0
DA:169,0
DA:174,0
DA:175,0
DA:176,0
DA:177,0
DA:178,0
DA:179,0
DA:180,0
DA:181,0
DA:182,0
DA:184,0
DA:185,0
DA:186,0
DA:188,0
DA:190,0
DA:191,0
DA:192,0
DA:193,0
DA:194,0
DA:195,0
DA:196,0
DA:197,0
DA:201,0
DA:203,0
DA:220,0
DA:221,0
DA:222,0
DA:223,0
DA:230,0
LF:103
LH:0
BRDA:15,0,0,0
BRDA:15,0,1,0
BRDA:23,1,0,0
BRDA:23,1,1,0
BRDA:24,2,0,0
BRDA:24,2,1,0
BRDA:66,3,0,0
BRDA:66,3,1,0
BRDA:68,4,0,0
BRDA:68,4,1,0
BRDA:69,5,0,0
BRDA:69,5,1,0
BRDA:96,6,0,0
BRDA:96,6,1,0
BRDA:117,7,0,0
BRDA:117,7,1,0
BRDA:143,8,0,0
BRDA:143,8,1,0
BRDA:148,9,0,0
BRDA:148,9,1,0
BRDA:148,10,0,0
BRDA:148,10,1,0
BRDA:149,11,0,0
BRDA:149,11,1,0
BRDA:150,12,0,0
BRDA:150,12,1,0
BRDA:190,13,0,0
BRDA:190,13,1,0
BRDA:191,14,0,0
BRDA:191,14,1,0
BRDA:192,15,0,0
BRDA:192,15,1,0
BRDA:193,16,0,0
BRDA:193,16,1,0
BRDA:194,17,0,0
BRDA:194,17,1,0
BRDA:195,18,0,0
BRDA:195,18,1,0
BRDA:196,19,0,0
BRDA:196,19,1,0
BRDA:197,20,0,0
BRDA:197,20,1,0
BRDA:223,21,0,0
BRDA:223,21,1,0
BRDA:223,21,2,0
BRF:45
BRH:0
end_of_record
TN:
SF:src\services\notifications\notificationService.ts
FN:10,(anonymous_6)
FN:21,(anonymous_7)
FN:54,(anonymous_8)
FN:90,(anonymous_9)
FN:120,(anonymous_10)
FN:157,(anonymous_11)
FN:166,(anonymous_12)
FN:175,(anonymous_13)
FN:185,(anonymous_14)
FN:192,(anonymous_15)
FNF:10
FNH:0
FNDA:0,(anonymous_6)
FNDA:0,(anonymous_7)
FNDA:0,(anonymous_8)
FNDA:0,(anonymous_9)
FNDA:0,(anonymous_10)
FNDA:0,(anonymous_11)
FNDA:0,(anonymous_12)
FNDA:0,(anonymous_13)
FNDA:0,(anonymous_14)
FNDA:0,(anonymous_15)
DA:4,0
DA:5,0
DA:9,0
DA:10,0
DA:19,0
DA:22,0
DA:23,0
DA:25,0
DA:26,0
DA:27,0
DA:30,0
DA:31,0
DA:32,0
DA:36,0
DA:37,0
DA:44,0
DA:50,0
DA:55,0
DA:56,0
DA:57,0
DA:59,0
DA:62,0
DA:63,0
DA:67,0
DA:69,0
DA:82,0
DA:84,0
DA:85,0
DA:91,0
DA:92,0
DA:93,0
DA:95,0
DA:97,0
DA:112,0
DA:114,0
DA:115,0
DA:126,0
DA:127,0
DA:128,0
DA:130,0
DA:132,0
DA:133,0
DA:136,0
DA:149,0
DA:151,0
DA:152,0
DA:158,0
DA:159,0
DA:161,0
DA:167,0
DA:168,0
DA:170,0
DA:176,0
DA:177,0
DA:179,0
DA:180,0
DA:188,0
DA:195,0
LF:58
LH:0
BRDA:25,0,0,0
BRDA:25,0,1,0
BRDA:30,1,0,0
BRDA:30,1,1,0
BRDA:36,2,0,0
BRDA:36,2,1,0
BRDA:57,3,0,0
BRDA:57,3,1,0
BRDA:62,4,0,0
BRDA:62,4,1,0
BRDA:72,5,0,0
BRDA:72,5,1,0
BRDA:90,6,0,0
BRDA:93,7,0,0
BRDA:93,7,1,0
BRDA:124,8,0,0
BRDA:128,9,0,0
BRDA:128,9,1,0
BRDA:132,10,0,0
BRDA:132,10,1,0
BRF:20
BRH:0
end_of_record
TN:
SF:src\services\storage\asyncCache.ts
FN:12,(anonymous_1)
FN:25,(anonymous_2)
FN:46,(anonymous_3)
FN:58,(anonymous_4)
FN:62,(anonymous_5)
FN:71,(anonymous_6)
FN:97,(anonymous_7)
FN:116,(anonymous_8)
FN:127,(anonymous_9)
FNF:9
FNH:0
FNDA:0,(anonymous_1)
FNDA:0,(anonymous_2)
FNDA:0,(anonymous_3)
FNDA:0,(anonymous_4)
FNDA:0,(anonymous_5)
FNDA:0,(anonymous_6)
FNDA:0,(anonymous_7)
FNDA:0,(anonymous_8)
FNDA:0,(anonymous_9)
DA:3,0
DA:5,0
DA:6,0
DA:9,0
DA:11,0
DA:13,0
DA:14,0
DA:15,0
DA:16,0
DA:18,0
DA:19,0
DA:21,0
DA:26,0
DA:27,0
DA:28,0
DA:30,0
DA:33,0
DA:34,0
DA:35,0
DA:38,0
DA:39,0
DA:41,0
DA:42,0
DA:47,0
DA:48,0
DA:49,0
DA:51,0
DA:52,0
DA:54,0
DA:59,0
DA:60,0
DA:61,0
DA:62,0
DA:64,0
DA:66,0
DA:76,0
DA:78,0
DA:81,0
DA:83,0
DA:86,0
DA:88,0
DA:89,0
DA:92,0
DA:98,0
DA:99,0
DA:100,0
DA:101,0
DA:103,0
DA:110,0
DA:112,0
DA:117,0
DA:118,0
DA:119,0
DA:120,0
DA:122,0
DA:123,0
DA:128,0
DA:129,0
DA:131,0
LF:59
LH:0
BRDA:12,0,0,0
BRDA:33,1,0,0
BRDA:33,1,1,0
BRDA:33,2,0,0
BRDA:33,2,1,0
BRDA:39,3,0,0
BRDA:39,3,1,0
BRDA:62,4,0,0
BRDA:62,4,1,0
BRDA:88,5,0,0
BRDA:88,5,1,0
BRDA:101,6,0,0
BRDA:101,6,1,0
BRDA:120,7,0,0
BRDA:120,7,1,0
BRF:15
BRH:0
end_of_record
TN:
SF:src\services\storage\secureStorage.ts
FN:14,(anonymous_7)
FN:26,(anonymous_8)
FN:38,(anonymous_9)
FN:50,(anonymous_10)
FN:63,(anonymous_11)
FN:78,(anonymous_12)
FN:90,(anonymous_13)
FNF:7
FNH:0
FNDA:0,(anonymous_7)
FNDA:0,(anonymous_8)
FNDA:0,(anonymous_9)
FNDA:0,(anonymous_10)
FNDA:0,(anonymous_11)
FNDA:0,(anonymous_12)
FNDA:0,(anonymous_13)
DA:3,0
DA:4,0
DA:5,0
DA:7,0
DA:8,0
DA:11,0
DA:13,0
DA:15,0
DA:16,0
DA:17,0
DA:19,0
DA:22,0
DA:27,0
DA:28,0
DA:29,0
DA:31,0
DA:33,0
DA:34,0
DA:39,0
DA:40,0
DA:41,0
DA:43,0
DA:46,0
DA:51,0
DA:52,0
DA:53,0
DA:54,0
DA:56,0
DA:59,0
DA:64,0
DA:66,0
DA:67,0
DA:69,0
DA:71,0
DA:73,0
DA:74,0
DA:79,0
DA:80,0
DA:81,0
DA:83,0
DA:86,0
DA:91,0
DA:92,0
LF:43
LH:0
BRDA:16,0,0,0
BRDA:16,0,1,0
BRDA:28,1,0,0
BRDA:28,1,1,0
BRDA:40,2,0,0
BRDA:40,2,1,0
BRDA:53,3,0,0
BRDA:53,3,1,0
BRDA:66,4,0,0
BRDA:66,4,1,0
BRDA:71,5,0,0
BRDA:71,5,1,0
BRDA:80,6,0,0
BRDA:80,6,1,0
BRF:14
BRH:0
end_of_record
